<?xml version="1.0" encoding="UTF-8"?>
<testsuite xmlns:xsi="http://www.w3.org/2001/XMLSchema-instance" xsi:noNamespaceSchemaLocation="https://maven.apache.org/surefire/maven-surefire-plugin/xsd/surefire-test-report.xsd" name="com.icicitech.AppTest" time="0.069" tests="1" errors="0" skipped="0" failures="0">
  <properties>
    <property name="sun.desktop" value="windows"/>
    <property name="awt.toolkit" value="sun.awt.windows.WToolkit"/>
    <property name="java.specification.version" value="11"/>
    <property name="sun.cpu.isalist" value="amd64"/>
    <property name="sun.jnu.encoding" value="Cp1252"/>
    <property name="java.class.path" value="C:\Users\akhil\webappicici\target\test-classes;C:\Users\akhil\webappicici\target\classes;C:\Users\akhil\.m2\repository\junit\junit\4.11\junit-4.11.jar;C:\Users\akhil\.m2\repository\org\hamcrest\hamcrest-core\1.3\hamcrest-core-1.3.jar;C:\Users\akhil\.m2\repository\org\webjars\google-maps-canvas-layer\20150622-13ce11d\google-maps-canvas-layer-20150622-13ce11d.jar;"/>
    <property name="java.vm.vendor" value="SAP SE"/>
    <property name="sun.arch.data.model" value="64"/>
    <property name="user.variant" value=""/>
    <property name="java.vendor.url" value="https://sapmachine.io/"/>
    <property name="user.timezone" value="Asia/Calcutta"/>
    <property name="java.vm.specification.version" value="11"/>
    <property name="os.name" value="Windows 10"/>
    <property name="sun.java.launcher" value="SUN_STANDARD"/>
    <property name="user.country" value="US"/>
    <property name="sun.boot.library.path" value="C:\Program Files\SapMachine\JDK\11\bin"/>
    <property name="sun.java.command" value="C:\Users\akhil\AppData\Local\Temp\surefire12811100063910174247\surefirebooter5241759791390649520.jar C:\Users\akhil\AppData\Local\Temp\surefire12811100063910174247 2024-01-09T21-20-11_765-jvmRun1 surefire13487745404965463542tmp surefire_08250958735698008213tmp"/>
    <property name="jdk.debug" value="release"/>
    <property name="surefire.test.class.path" value="C:\Users\akhil\webappicici\target\test-classes;C:\Users\akhil\webappicici\target\classes;C:\Users\akhil\.m2\repository\junit\junit\4.11\junit-4.11.jar;C:\Users\akhil\.m2\repository\org\hamcrest\hamcrest-core\1.3\hamcrest-core-1.3.jar;C:\Users\akhil\.m2\repository\org\webjars\google-maps-canvas-layer\20150622-13ce11d\google-maps-canvas-layer-20150622-13ce11d.jar;"/>
    <property name="sun.cpu.endian" value="little"/>
    <property name="user.home" value="C:\Users\akhil"/>
    <property name="user.language" value="en"/>
    <property name="java.specification.vendor" value="Oracle Corporation"/>
    <property name="java.version.date" value="2023-07-18"/>
    <property name="java.home" value="C:\Program Files\SapMachine\JDK\11"/>
    <property name="file.separator" value="\"/>
    <property name="basedir" value="C:\Users\akhil\webappicici"/>
    <property name="java.vm.compressedOopsMode" value="32-bit"/>
    <property name="line.separator" value="&#10;"/>
    <property name="java.specification.name" value="Java Platform API Specification"/>
    <property name="java.vm.specification.vendor" value="Oracle Corporation"/>
    <property name="java.awt.graphicsenv" value="sun.awt.Win32GraphicsEnvironment"/>
    <property name="surefire.real.class.path" value="C:\Users\akhil\AppData\Local\Temp\surefire12811100063910174247\surefirebooter5241759791390649520.jar"/>
    <property name="user.script" value=""/>
    <property name="sun.management.compiler" value="HotSpot 64-Bit Tiered Compilers"/>
    <property name="java.runtime.version" value="11.0.20+8-LTS-sapmachine"/>
    <property name="user.name" value="akhil"/>
    <property name="path.separator" value=";"/>
    <property name="os.version" value="10.0"/>
    <property name="java.runtime.name" value="OpenJDK Runtime Environment"/>
    <property name="file.encoding" value="Cp1252"/>
    <property name="java.vm.name" value="OpenJDK 64-Bit Server VM"/>
    <property name="java.vendor.version" value="SapMachine"/>
    <property name="localRepository" value="C:\Users\akhil\.m2\repository"/>
    <property name="java.vendor.url.bug" value="https://github.com/SAP/SapMachine/issues/new"/>
    <property name="java.io.tmpdir" value="C:\Users\akhil\AppData\Local\Temp\"/>
    <property name="java.version" value="11.0.20"/>
    <property name="user.dir" value="C:\Users\akhil\webappicici"/>
    <property name="os.arch" value="amd64"/>
    <property name="java.vm.specification.name" value="Java Virtual Machine Specification"/>
    <property name="java.awt.printerjob" value="sun.awt.windows.WPrinterJob"/>
    <property name="sun.os.patch.level" value=""/>
    <property name="java.library.path" value="C:\Program Files\SapMachine\JDK\11\bin;C:\Windows\Sun\Java\bin;C:\Windows\system32;C:\Windows;C:\Users\akhil\Downloads\gradle-7.5.1-bin\gradle-7.5.1\bin;C:\Program Files\Git\cmd;C:\Program Files\TortoiseGit\bin;C:\Program Files\dotnet\;C:\Program Files\SapMachine\JDK\11\bin;C:\apache-maven-3.9.6\bin;C:\Program Files\SapMachine\JDK\11\bin;C:\Users\akhil\AppData\Local\Programs\Microsoft VS Code\bin;."/>
    <property name="java.vm.info" value="mixed mode"/>
    <property name="java.vendor" value="SAP SE"/>
    <property name="java.vm.version" value="11.0.20+8-LTS-sapmachine"/>
    <property name="java.specification.maintenance.version" value="2"/>
    <property name="sun.io.unicode.encoding" value="UnicodeLittle"/>
    <property name="java.class.version" value="55.0"/>
  </properties>
  <testcase name="shouldAnswerWithTrue" classname="com.icicitech.AppTest" time="0.004"/>
</testsuite>